[0m2021.10.12 11:14:35 INFO  Started: Metals version 0.10.7 in workspace 'C:\Users\98jjm\OneDrive\Documents\Revature_Code\ProjectZERO' for client Visual Studio Code 1.61.0.[0m
[0m2021.10.12 11:14:35 INFO  time: initialize in 0.33s[0m
[0m2021.10.12 11:14:35 WARN  Build server is not auto-connectable.[0m
[0m2021.10.12 11:14:35 WARN  no build tool detected in workspace 'C:\Users\98jjm\OneDrive\Documents\Revature_Code\ProjectZERO'. The most common cause for this problem is that the editor was opened in the wrong working directory, for example if you use sbt then the workspace directory should contain build.sbt. [0m
[0m2021.10.12 11:15:22 INFO  [0m
[0m2021.10.12 11:15:22 INFO  Template applied in C:\Users\98jjm\OneDrive\Documents\Revature_Code\ProjectZERO\.\projectzero[0m
[0m2021.10.12 11:15:22 INFO  [0m
[0m2021.10.12 11:15:22 INFO  time: ran 'giter8.Giter8' in 2.21s[0m
[0m2021.10.12 11:21:29 INFO  shutting down Metals[0m
[0m2021.10.14 20:20:24 INFO  Started: Metals version 0.10.7 in workspace 'C:\Users\98jjm\OneDrive\Documents\Revature_Code\ProjectZERO' for client Visual Studio Code 1.61.0.[0m
[0m2021.10.14 20:20:24 INFO  time: initialize in 0.33s[0m
[0m2021.10.14 20:20:25 WARN  Build server is not auto-connectable.[0m
[0m2021.10.14 20:20:25 WARN  no build tool detected in workspace 'C:\Users\98jjm\OneDrive\Documents\Revature_Code\ProjectZERO'. The most common cause for this problem is that the editor was opened in the wrong working directory, for example if you use sbt then the workspace directory should contain build.sbt. [0m
[0m2021.10.14 20:20:25 WARN  no build target for: C:\Users\98jjm\OneDrive\Documents\Revature_Code\ProjectZERO\projectzero\src\main\scala\example\ProjectZero.scala[0m
[0m2021.10.14 20:20:27 INFO  no build target: using presentation compiler with only scala-library: 2.12.15[0m
[0m2021.10.14 20:20:28 INFO  time: code lens generation in 2.61s[0m
[0m2021.10.14 20:20:40 WARN  no build tool detected in workspace 'C:\Users\98jjm\OneDrive\Documents\Revature_Code\ProjectZERO'. The most common cause for this problem is that the editor was opened in the wrong working directory, for example if you use sbt then the workspace directory should contain build.sbt. [0m
[0m2021.10.14 20:20:44 WARN  no build tool detected in workspace 'C:\Users\98jjm\OneDrive\Documents\Revature_Code\ProjectZERO'. The most common cause for this problem is that the editor was opened in the wrong working directory, for example if you use sbt then the workspace directory should contain build.sbt. [0m
[0m2021.10.14 20:20:56 WARN  no build tool detected in workspace 'C:\Users\98jjm\OneDrive\Documents\Revature_Code\ProjectZERO'. The most common cause for this problem is that the editor was opened in the wrong working directory, for example if you use sbt then the workspace directory should contain build.sbt. [0m
[0m2021.10.14 20:21:03 INFO  Attempting to connect to the build server...[0m
[0m2021.10.14 20:21:03 INFO  No build server found[0m
[0m2021.10.14 20:21:03 INFO  time: Connected to build server in 3ms[0m
[0m2021.10.14 20:21:03 WARN  no build target for: C:\Users\98jjm\OneDrive\Documents\Revature_Code\ProjectZERO\projectzero\src\main\scala\example\ProjectZero.scala[0m
[0m2021.10.14 20:21:26 WARN  no build tool detected in workspace 'C:\Users\98jjm\OneDrive\Documents\Revature_Code\ProjectZERO'. The most common cause for this problem is that the editor was opened in the wrong working directory, for example if you use sbt then the workspace directory should contain build.sbt. [0m
[0m2021.10.14 20:21:45 INFO  Attempting to connect to the build server...[0m
[0m2021.10.14 20:21:45 INFO  No build server found[0m
[0m2021.10.14 20:21:45 INFO  time: Connected to build server in 1ms[0m
[0m2021.10.14 20:21:45 WARN  no build target for: C:\Users\98jjm\OneDrive\Documents\Revature_Code\ProjectZERO\projectzero\src\main\scala\example\ProjectZero.scala[0m
[0m2021.10.14 20:21:53 WARN  Build server is not auto-connectable.[0m
[0m2021.10.14 20:21:56 INFO  Attempting to connect to the build server...[0m
[0m2021.10.14 20:21:56 INFO  No build server found[0m
[0m2021.10.14 20:21:56 INFO  time: Connected to build server in 1ms[0m
[0m2021.10.14 20:21:56 WARN  no build target for: C:\Users\98jjm\OneDrive\Documents\Revature_Code\ProjectZERO\projectzero\src\main\scala\example\ProjectZero.scala[0m
[0m2021.10.14 20:22:27 INFO  shutting down Metals[0m
